<?xml version="1.0" encoding="UTF-8"?>
<testng-results skipped="0" failed="0" ignored="0" total="1" passed="1">
  <reporter-output>
  </reporter-output>
  <suite name="KreatoCRM" duration-ms="29466" started-at="2019-11-28T17:24:51 IST" finished-at="2019-11-28T17:25:20 IST">
    <groups>
    </groups>
    <test name="Login Page" duration-ms="29466" started-at="2019-11-28T17:24:51 IST" finished-at="2019-11-28T17:25:20 IST">
      <class name="com.kreatocrm.testCases.TS_Login_001">
        <test-method status="PASS" signature="setup(java.lang.String)[pri:0, instance:com.kreatocrm.testCases.TS_Login_001@be2bc2]" name="setup" is-config="true" duration-ms="10466" started-at="2019-11-28T17:24:51 IST" finished-at="2019-11-28T17:25:02 IST">
          <params>
            <param index="0">
              <value>
                <![CDATA[chrome]]>
              </value>
            </param>
          </params>
          <reporter-output>
          </reporter-output>
        </test-method> <!-- setup -->
        <test-method status="PASS" signature="dynamicEmailIDPasswordContactNo()[pri:0, instance:com.kreatocrm.testCases.TS_Login_001@be2bc2]" name="dynamicEmailIDPasswordContactNo" duration-ms="17555" started-at="2019-11-28T17:25:02 IST" finished-at="2019-11-28T17:25:19 IST">
          <reporter-output>
          </reporter-output>
        </test-method> <!-- dynamicEmailIDPasswordContactNo -->
        <test-method status="PASS" signature="teardown()[pri:0, instance:com.kreatocrm.testCases.TS_Login_001@be2bc2]" name="teardown" is-config="true" duration-ms="1221" started-at="2019-11-28T17:25:19 IST" finished-at="2019-11-28T17:25:20 IST">
          <reporter-output>
          </reporter-output>
        </test-method> <!-- teardown -->
      </class> <!-- com.kreatocrm.testCases.TS_Login_001 -->
    </test> <!-- Login Page -->
  </suite> <!-- KreatoCRM -->
</testng-results>
